<?xml version="1.0" encoding="UTF-8"?>
<testng-results skipped="0" failed="0" total="1" passed="1">
  <reporter-output>
  </reporter-output>
  <suite name="Default suite" duration-ms="37" started-at="2019-09-14T10:41:20Z" finished-at="2019-09-14T10:41:20Z">
    <groups>
    </groups>
    <test name="Default test" duration-ms="37" started-at="2019-09-14T10:41:20Z" finished-at="2019-09-14T10:41:20Z">
      <class name="com.test.AshishTestNG">
        <test-method status="PASS" signature="beforeClass()[pri:0, instance:com.test.AshishTestNG@6a024a67]" name="beforeClass" is-config="true" duration-ms="14" started-at="2019-09-14T16:11:20Z" finished-at="2019-09-14T16:11:20Z">
          <reporter-output>
          </reporter-output>
        </test-method> <!-- beforeClass -->
        <test-method status="PASS" signature="beforeMethod()[pri:0, instance:com.test.AshishTestNG@6a024a67]" name="beforeMethod" is-config="true" duration-ms="0" started-at="2019-09-14T16:11:20Z" finished-at="2019-09-14T16:11:20Z">
          <reporter-output>
          </reporter-output>
        </test-method> <!-- beforeMethod -->
        <test-method status="PASS" signature="Login()[pri:0, instance:com.test.AshishTestNG@6a024a67]" name="Login" duration-ms="5" started-at="2019-09-14T16:11:20Z" finished-at="2019-09-14T16:11:20Z">
          <reporter-output>
          </reporter-output>
        </test-method> <!-- Login -->
      </class> <!-- com.test.AshishTestNG -->
    </test> <!-- Default test -->
  </suite> <!-- Default suite -->
</testng-results>
